Started GET "/" for ::1 at 2022-11-14 19:55:08 +0300
Processing by Rails::WelcomeController#index as HTML
  Rendering /home/liubava/.rvm/gems/ruby-3.1.2/gems/railties-7.0.4/lib/rails/templates/rails/welcome/index.html.erb
  Rendered /home/liubava/.rvm/gems/ruby-3.1.2/gems/railties-7.0.4/lib/rails/templates/rails/welcome/index.html.erb (Duration: 3.9ms | Allocations: 635)
Completed 200 OK in 25ms (Views: 10.1ms | ActiveRecord: 0.0ms | Allocations: 5110)


Started GET "/input" for ::1 at 2022-11-14 19:55:13 +0300
  
ActionController::RoutingError (No route matches [GET] "/input"):
  
Started GET "/pages/input" for ::1 at 2022-11-14 19:55:31 +0300
Processing by PagesController#input as HTML
  Rendering layout layouts/application.html.erb
  Rendering pages/input.html.erb within layouts/application
  Rendered pages/input.html.erb within layouts/application (Duration: 2.4ms | Allocations: 1141)
  Rendered layout layouts/application.html.erb (Duration: 3.0ms | Allocations: 1231)
Completed 500 Internal Server Error in 7ms (ActiveRecord: 0.0ms | Allocations: 2208)


  
ActionView::SyntaxErrorInTemplate (Encountered a syntax error while rendering template: check <div class = "main-input">
	<div class = "info">
		<h1>РК № 2 по курсу "Языки интернет-программирования"</h1>
		<h2>Студент:</h2>
		<p>Барсегян Люба, ИУ6-35Б</p>
		<h2>Задание:</h2>
		<p>...................</p>
	</div>
	<%= form_with url: 'pages/result', method: :get do |form| %>
		<%= form.label :input, "Введите что-нибудь"%>
		<%= form.text_field :input %>
		<%= form.submit "Тык"%>
</form>

):
1:    <div class = "main-input">
2:    	<div class = "info">
3:    		<h1>РК № 2 по курсу "Языки интернет-программирования"</h1>
4:    		<h2>Студент:</h2>
5:    		<p>Барсегян Люба, ИУ6-35Б</p>
6:    		<h2>Задание:</h2>
7:    		<p>...................</p>
8:    	</div>
9:    	<%= form_with url: 'pages/result', method: :get do |form| %>
10:    		<%= form.label :input, "Введите что-нибудь"%>
11:    		<%= form.text_field :input %>
12:    		<%= form.submit "Тык"%>
13:    </form>
  
app/views/pages/input.html.erb:16: syntax error, unexpected end-of-input, expecting `end'
app/views/pages/input.html.erb:16: syntax error, unexpected end-of-input, expecting `end'
app/views/pages/input.html.erb:16: syntax error, unexpected end-of-input, expecting `end'
app/views/pages/input.html.erb:16: syntax error, unexpected end-of-input, expecting `end'
app/views/pages/input.html.erb:16: syntax error, unexpected end-of-input, expecting `end'
app/views/pages/input.html.erb:16: syntax error, unexpected end-of-input, expecting `end'
Started GET "/pages/input" for ::1 at 2022-11-14 19:55:51 +0300
Processing by PagesController#input as HTML
  Rendering layout layouts/application.html.erb
  Rendering pages/input.html.erb within layouts/application
  Rendered pages/input.html.erb within layouts/application (Duration: 1.6ms | Allocations: 1190)
  Rendered layout layouts/application.html.erb (Duration: 2.0ms | Allocations: 1280)
Completed 500 Internal Server Error in 6ms (ActiveRecord: 0.0ms | Allocations: 2096)


  
ActionView::SyntaxErrorInTemplate (Encountered a syntax error while rendering template: check <div class = "main-input">
	<div class = "info">
		<h1>РК № 2 по курсу "Языки интернет-программирования"</h1>
		<h2>Студент:</h2>
		<p>Барсегян Люба, ИУ6-35Б</p>
		<h2>Задание:</h2>
		<p>...................</p>
	</div>
	<%= form_with url: 'pages/result', method: :get do |form| %>
		<%= form.label :input, "Введите что-нибудь"%>
		<%= form.text_field :input %>
		<%= form.submit "Тык"%>
	<%= end%>
</form>

):
1:    <div class = "main-input">
2:    	<div class = "info">
3:    		<h1>РК № 2 по курсу "Языки интернет-программирования"</h1>
4:    		<h2>Студент:</h2>
5:    		<p>Барсегян Люба, ИУ6-35Б</p>
6:    		<h2>Задание:</h2>
7:    		<p>...................</p>
8:    	</div>
9:    	<%= form_with url: 'pages/result', method: :get do |form| %>
10:    		<%= form.label :input, "Введите что-нибудь"%>
11:    		<%= form.text_field :input %>
12:    		<%= form.submit "Тык"%>
13:    	<%= end%>
14:    </form>
  
app/views/pages/input.html.erb:13: syntax error, unexpected `end'
app/views/pages/input.html.erb:17: syntax error, unexpected `end', expecting ')'
app/views/pages/input.html.erb:13: syntax error, unexpected `end'
app/views/pages/input.html.erb:17: syntax error, unexpected `end', expecting ')'
app/views/pages/input.html.erb:13: syntax error, unexpected `end'
app/views/pages/input.html.erb:17: syntax error, unexpected `end', expecting ')'
app/views/pages/input.html.erb:13: syntax error, unexpected `end'
app/views/pages/input.html.erb:17: syntax error, unexpected `end', expecting ')'
app/views/pages/input.html.erb:13: syntax error, unexpected `end'
app/views/pages/input.html.erb:17: syntax error, unexpected `end', expecting ')'
app/views/pages/input.html.erb:13: syntax error, unexpected `end'
app/views/pages/input.html.erb:17: syntax error, unexpected `end', expecting ')'
Started GET "/pages/input" for ::1 at 2022-11-14 19:56:06 +0300
Processing by PagesController#input as HTML
  Rendering layout layouts/application.html.erb
  Rendering pages/input.html.erb within layouts/application
  Rendered pages/input.html.erb within layouts/application (Duration: 26.8ms | Allocations: 6994)
  Rendered layout layouts/application.html.erb (Duration: 420.5ms | Allocations: 99034)
Completed 200 OK in 425ms (Views: 423.4ms | ActiveRecord: 0.0ms | Allocations: 99881)


Started GET "/pages/pages/result?input=ddd&commit=%D0%A2%D1%8B%D0%BA" for ::1 at 2022-11-14 19:56:30 +0300
  
ActionController::RoutingError (No route matches [GET] "/pages/pages/result"):
  
Started GET "/pages/input" for ::1 at 2022-11-14 19:56:30 +0300
Processing by PagesController#input as HTML
  Rendering layout layouts/application.html.erb
  Rendering pages/input.html.erb within layouts/application
  Rendered pages/input.html.erb within layouts/application (Duration: 1.5ms | Allocations: 1159)
  Rendered layout layouts/application.html.erb (Duration: 6.3ms | Allocations: 3646)
Completed 200 OK in 8ms (Views: 7.6ms | ActiveRecord: 0.0ms | Allocations: 3924)


Started GET "/pages/input" for ::1 at 2022-11-14 19:57:00 +0300
  
ArgumentError (Missing :controller key on routes definition, please check your routes.):
  
config/routes.rb:5:in `block in <main>'
config/routes.rb:1:in `<main>'
Started GET "/pages/input" for ::1 at 2022-11-14 19:57:11 +0300
  
ArgumentError (Missing :controller key on routes definition, please check your routes.):
  
config/routes.rb:5:in `block in <main>'
config/routes.rb:1:in `<main>'
Started GET "/pages/input" for ::1 at 2022-11-14 19:57:13 +0300
Processing by PagesController#input as HTML
  Rendering layout layouts/application.html.erb
  Rendering pages/input.html.erb within layouts/application
  Rendered pages/input.html.erb within layouts/application (Duration: 2.5ms | Allocations: 1179)
  Rendered layout layouts/application.html.erb (Duration: 45.7ms | Allocations: 15387)
Completed 200 OK in 50ms (Views: 48.3ms | Allocations: 16023)


Started GET "/" for ::1 at 2022-11-14 19:57:18 +0300
  
ActionController::RoutingError (No route matches [GET] "/"):
  
Started GET "/" for ::1 at 2022-11-14 19:57:29 +0300
Processing by PagesController#input as HTML
  Rendering layout layouts/application.html.erb
  Rendering pages/input.html.erb within layouts/application
  Rendered pages/input.html.erb within layouts/application (Duration: 1.7ms | Allocations: 1232)
  Rendered layout layouts/application.html.erb (Duration: 24.5ms | Allocations: 15327)
Completed 200 OK in 27ms (Views: 26.5ms | Allocations: 15956)


Started GET "/pages/input" for ::1 at 2022-11-14 19:57:37 +0300
Processing by PagesController#input as HTML
  Rendering layout layouts/application.html.erb
  Rendering pages/input.html.erb within layouts/application
  Rendered pages/input.html.erb within layouts/application (Duration: 2.1ms | Allocations: 1157)
  Rendered layout layouts/application.html.erb (Duration: 11.1ms | Allocations: 3601)
Completed 200 OK in 13ms (Views: 12.4ms | Allocations: 3871)


Started GET "/pages/result" for ::1 at 2022-11-14 19:57:42 +0300
Processing by PagesController#result as HTML
  Rendering layout layouts/application.html.erb
  Rendering pages/result.html.erb within layouts/application
  Rendered pages/result.html.erb within layouts/application (Duration: 0.7ms | Allocations: 115)
  Rendered layout layouts/application.html.erb (Duration: 6.6ms | Allocations: 2596)
Completed 200 OK in 9ms (Views: 7.7ms | Allocations: 2925)


Started GET "/" for ::1 at 2022-11-14 19:57:49 +0300
Processing by PagesController#input as HTML
  Rendering layout layouts/application.html.erb
  Rendering pages/input.html.erb within layouts/application
  Rendered pages/input.html.erb within layouts/application (Duration: 1.6ms | Allocations: 1157)
  Rendered layout layouts/application.html.erb (Duration: 8.5ms | Allocations: 3631)
Completed 200 OK in 11ms (Views: 9.7ms | Allocations: 3884)


Started GET "/" for ::1 at 2022-11-14 20:04:52 +0300
Processing by PagesController#input as HTML
  Rendering layout layouts/application.html.erb
  Rendering pages/input.html.erb within layouts/application
  Rendered pages/input.html.erb within layouts/application (Duration: 1.9ms | Allocations: 1403)
  Rendered layout layouts/application.html.erb (Duration: 28.2ms | Allocations: 15773)
Completed 200 OK in 32ms (Views: 30.3ms | Allocations: 16728)


Started GET "/" for ::1 at 2022-11-14 20:04:53 +0300
Processing by PagesController#input as HTML
  Rendering layout layouts/application.html.erb
  Rendering pages/input.html.erb within layouts/application
  Rendered pages/input.html.erb within layouts/application (Duration: 2.5ms | Allocations: 1157)
  Rendered layout layouts/application.html.erb (Duration: 15.7ms | Allocations: 3625)
Completed 200 OK in 18ms (Views: 16.9ms | Allocations: 3895)


Started GET "/result?input=&commit=%D0%A2%D1%8B%D0%BA" for ::1 at 2022-11-14 20:04:54 +0300
  
ActionController::RoutingError (No route matches [GET] "/result"):
  
Started GET "/" for ::1 at 2022-11-14 20:04:54 +0300
Processing by PagesController#input as HTML
  Rendering layout layouts/application.html.erb
  Rendering pages/input.html.erb within layouts/application
  Rendered pages/input.html.erb within layouts/application (Duration: 1.1ms | Allocations: 1156)
  Rendered layout layouts/application.html.erb (Duration: 6.6ms | Allocations: 3627)
Completed 200 OK in 8ms (Views: 7.6ms | Allocations: 3880)


Started GET "/result?input=111&commit=%D0%A2%D1%8B%D0%BA" for ::1 at 2022-11-14 20:05:17 +0300
  
ActionController::RoutingError (No route matches [GET] "/result"):
  
Started GET "/" for ::1 at 2022-11-14 20:05:17 +0300
Processing by PagesController#input as HTML
  Rendering layout layouts/application.html.erb
  Rendering pages/input.html.erb within layouts/application
  Rendered pages/input.html.erb within layouts/application (Duration: 1.1ms | Allocations: 1156)
  Rendered layout layouts/application.html.erb (Duration: 5.9ms | Allocations: 3637)
Completed 200 OK in 7ms (Views: 6.6ms | Allocations: 3890)


Started GET "/" for ::1 at 2022-11-14 20:06:48 +0300
  
ArgumentError (Missing :controller key on routes definition, please check your routes.):
  
config/routes.rb:4:in `block in <main>'
config/routes.rb:1:in `<main>'
Started GET "/" for ::1 at 2022-11-14 20:07:01 +0300
  
ArgumentError (Missing :controller key on routes definition, please check your routes.):
  
config/routes.rb:4:in `block in <main>'
config/routes.rb:1:in `<main>'
Started GET "/" for ::1 at 2022-11-14 20:07:39 +0300
Processing by PagesController#input as HTML
  Rendering layout layouts/application.html.erb
  Rendering pages/input.html.erb within layouts/application
  Rendered pages/input.html.erb within layouts/application (Duration: 1.4ms | Allocations: 1179)
  Rendered layout layouts/application.html.erb (Duration: 28.0ms | Allocations: 15350)
Completed 200 OK in 32ms (Views: 31.0ms | Allocations: 15979)


Started GET "/result?input=333&commit=%D0%A2%D1%8B%D0%BA" for ::1 at 2022-11-14 20:07:43 +0300
Processing by PagesController#result as HTML
  Parameters: {"input"=>"333", "commit"=>"Тык"}
  Rendering layout layouts/application.html.erb
  Rendering pages/result.html.erb within layouts/application
  Rendered pages/result.html.erb within layouts/application (Duration: 1.1ms | Allocations: 119)
  Rendered layout layouts/application.html.erb (Duration: 10.4ms | Allocations: 2610)
Completed 200 OK in 13ms (Views: 11.6ms | Allocations: 2958)


Started GET "/" for ::1 at 2022-11-14 20:08:05 +0300
Processing by PagesController#input as HTML
  Rendering layout layouts/application.html.erb
  Rendering pages/input.html.erb within layouts/application
  Rendered pages/input.html.erb within layouts/application (Duration: 2.7ms | Allocations: 1158)
  Rendered layout layouts/application.html.erb (Duration: 10.8ms | Allocations: 3635)
Completed 200 OK in 13ms (Views: 11.9ms | Allocations: 3888)


Started GET "/" for ::1 at 2022-11-14 20:14:19 +0300
Processing by PagesController#input as HTML
  Rendering layout layouts/application.html.erb
  Rendering pages/input.html.erb within layouts/application
  Rendered pages/input.html.erb within layouts/application (Duration: 1.3ms | Allocations: 1157)
  Rendered layout layouts/application.html.erb (Duration: 6.6ms | Allocations: 3628)
Completed 200 OK in 8ms (Views: 7.7ms | Allocations: 3881)


Started GET "/result?input=12121&commit=%D0%A2%D1%8B%D0%BA" for ::1 at 2022-11-14 20:24:48 +0300
Processing by PagesController#result as HTML
  Parameters: {"input"=>"12121", "commit"=>"Тык"}
  Rendering layout layouts/application.html.erb
  Rendering pages/result.html.erb within layouts/application
  Rendered pages/result.html.erb within layouts/application (Duration: 0.8ms | Allocations: 141)
  Rendered layout layouts/application.html.erb (Duration: 21.3ms | Allocations: 14499)
Completed 200 OK in 25ms (Views: 23.4ms | Allocations: 15473)


Started GET "/result?input=sdfsdf&commit=%D0%A2%D1%8B%D0%BA" for ::1 at 2022-11-14 20:24:56 +0300
Processing by PagesController#result as HTML
  Parameters: {"input"=>"sdfsdf", "commit"=>"Тык"}
  Rendering layout layouts/application.html.erb
  Rendering pages/result.html.erb within layouts/application
  Rendered pages/result.html.erb within layouts/application (Duration: 0.1ms | Allocations: 8)
  Rendered layout layouts/application.html.erb (Duration: 5.2ms | Allocations: 2467)
Completed 200 OK in 7ms (Views: 6.0ms | Allocations: 2752)


Started GET "/" for ::1 at 2022-11-14 20:29:28 +0300
Processing by PagesController#input as HTML
  Rendering layout layouts/application.html.erb
  Rendering pages/input.html.erb within layouts/application
  Rendered pages/input.html.erb within layouts/application (Duration: 3.7ms | Allocations: 1451)
  Rendered layout layouts/application.html.erb (Duration: 15.4ms | Allocations: 4344)
Completed 200 OK in 22ms (Views: 19.8ms | Allocations: 5157)


Started GET "/result?input=222&commit=%D0%A2%D1%8B%D0%BA" for ::1 at 2022-11-14 20:29:32 +0300
Processing by PagesController#result as HTML
  Parameters: {"input"=>"222", "commit"=>"Тык"}
  Rendering layout layouts/application.html.erb
  Rendering pages/result.html.erb within layouts/application
  Rendered pages/result.html.erb within layouts/application (Duration: 1.3ms | Allocations: 221)
  Rendered layout layouts/application.html.erb (Duration: 7.5ms | Allocations: 2657)
Completed 200 OK in 10ms (Views: 8.5ms | Allocations: 2995)


Started GET "/input" for ::1 at 2022-11-14 20:29:35 +0300
Processing by PagesController#input as HTML
  Rendering layout layouts/application.html.erb
  Rendering pages/input.html.erb within layouts/application
  Rendered pages/input.html.erb within layouts/application (Duration: 1.8ms | Allocations: 1158)
  Rendered layout layouts/application.html.erb (Duration: 10.8ms | Allocations: 3617)
Completed 200 OK in 14ms (Views: 12.1ms | Allocations: 3872)


Started GET "/" for ::1 at 2022-11-14 21:02:47 +0300
  
SyntaxError (/home/liubava/Desktop/webdev-rks/rk2/app/controllers/pages_controller.rb:21: syntax error, unexpected end-of-input, expecting `end'):
  
app/controllers/pages_controller.rb:21: syntax error, unexpected end-of-input, expecting `end'
app/controllers/pages_controller.rb:21: syntax error, unexpected end-of-input, expecting `end'
app/controllers/pages_controller.rb:21: syntax error, unexpected end-of-input, expecting `end'
Started GET "/" for ::1 at 2022-11-14 21:02:53 +0300
  
SyntaxError (/home/liubava/Desktop/webdev-rks/rk2/app/controllers/pages_controller.rb:21: syntax error, unexpected end-of-input, expecting `end'):
  
app/controllers/pages_controller.rb:21: syntax error, unexpected end-of-input, expecting `end'
app/controllers/pages_controller.rb:21: syntax error, unexpected end-of-input, expecting `end'
app/controllers/pages_controller.rb:21: syntax error, unexpected end-of-input, expecting `end'
Started GET "/" for ::1 at 2022-11-14 21:03:22 +0300
Processing by PagesController#input as HTML
  Rendering layout layouts/application.html.erb
  Rendering pages/input.html.erb within layouts/application
  Rendered pages/input.html.erb within layouts/application (Duration: 4.1ms | Allocations: 1802)
  Rendered layout layouts/application.html.erb (Duration: 98.4ms | Allocations: 37160)
Completed 200 OK in 113ms (Views: 100.6ms | Allocations: 39384)


Started GET "/result?input=sdsd&commit=%D0%A2%D1%8B%D0%BA" for ::1 at 2022-11-14 21:03:27 +0300
Processing by PagesController#result as HTML
  Parameters: {"input"=>"sdsd", "commit"=>"Тык"}
  Rendering layout layouts/application.html.erb
  Rendering pages/result.html.erb within layouts/application
  Rendered pages/result.html.erb within layouts/application (Duration: 1.5ms | Allocations: 226)
  Rendered layout layouts/application.html.erb (Duration: 10.3ms | Allocations: 2667)
Completed 200 OK in 13ms (Views: 11.6ms | Allocations: 3059)


Started GET "/input" for ::1 at 2022-11-14 21:03:29 +0300
Processing by PagesController#input as HTML
  Rendering layout layouts/application.html.erb
  Rendering pages/input.html.erb within layouts/application
  Rendered pages/input.html.erb within layouts/application (Duration: 1.5ms | Allocations: 1165)
  Rendered layout layouts/application.html.erb (Duration: 9.7ms | Allocations: 3624)
Completed 200 OK in 12ms (Views: 10.9ms | Allocations: 3880)


Started GET "/result?input=33sdf&commit=%D0%A2%D1%8B%D0%BA" for ::1 at 2022-11-14 21:03:32 +0300
Processing by PagesController#result as HTML
  Parameters: {"input"=>"33sdf", "commit"=>"Тык"}
  Rendering layout layouts/application.html.erb
  Rendering pages/result.html.erb within layouts/application
  Rendered pages/result.html.erb within layouts/application (Duration: 0.2ms | Allocations: 46)
  Rendered layout layouts/application.html.erb (Duration: 5.5ms | Allocations: 2510)
Completed 200 OK in 7ms (Views: 6.3ms | Allocations: 2783)


Started GET "/input" for ::1 at 2022-11-14 21:03:34 +0300
Processing by PagesController#input as HTML
  Rendering layout layouts/application.html.erb
  Rendering pages/input.html.erb within layouts/application
  Rendered pages/input.html.erb within layouts/application (Duration: 1.8ms | Allocations: 1158)
  Rendered layout layouts/application.html.erb (Duration: 9.0ms | Allocations: 3624)
Completed 200 OK in 11ms (Views: 10.0ms | Allocations: 3883)


Started GET "/input" for ::1 at 2022-11-14 21:05:04 +0300
Processing by PagesController#input as HTML
  Rendering layout layouts/application.html.erb
  Rendering pages/input.html.erb within layouts/application
  Rendered pages/input.html.erb within layouts/application (Duration: 1.5ms | Allocations: 1178)
  Rendered layout layouts/application.html.erb (Duration: 40.3ms | Allocations: 15266)
Completed 200 OK in 44ms (Views: 42.8ms | Allocations: 15974)


Started GET "/input" for ::1 at 2022-11-14 21:05:05 +0300
Processing by PagesController#input as HTML
  Rendering layout layouts/application.html.erb
  Rendering pages/input.html.erb within layouts/application
  Rendered pages/input.html.erb within layouts/application (Duration: 1.8ms | Allocations: 1159)
  Rendered layout layouts/application.html.erb (Duration: 8.8ms | Allocations: 3630)
Completed 200 OK in 10ms (Views: 9.6ms | Allocations: 3900)


Started GET "/result?input=ddd3&commit=%D0%A2%D1%8B%D0%BA" for ::1 at 2022-11-14 21:05:15 +0300
Processing by PagesController#result as HTML
  Parameters: {"input"=>"ddd3", "commit"=>"Тык"}
Completed 500 Internal Server Error in 2ms (Allocations: 1285)


  
NoMethodError (undefined method `match' for nil:NilClass

    unless @orig_array.match(/^[a-zA-Z ]+$/).nil?
                      ^^^^^^):
  
app/controllers/pages_controller.rb:13:in `need_only_words'
Started GET "/input" for ::1 at 2022-11-14 21:05:36 +0300
Processing by PagesController#input as HTML
  Rendering layout layouts/application.html.erb
  Rendering pages/input.html.erb within layouts/application
  Rendered pages/input.html.erb within layouts/application (Duration: 1.9ms | Allocations: 1179)
  Rendered layout layouts/application.html.erb (Duration: 23.7ms | Allocations: 15370)
Completed 200 OK in 26ms (Views: 25.6ms | Allocations: 16078)


Started GET "/result?input=2&commit=%D0%A2%D1%8B%D0%BA" for ::1 at 2022-11-14 21:05:39 +0300
Processing by PagesController#result as HTML
  Parameters: {"input"=>"2", "commit"=>"Тык"}
  Rendering layout layouts/application.html.erb
  Rendering pages/result.html.erb within layouts/application
  Rendered pages/result.html.erb within layouts/application (Duration: 0.4ms | Allocations: 71)
  Rendered layout layouts/application.html.erb (Duration: 9.8ms | Allocations: 2519)
Completed 200 OK in 12ms (Views: 10.9ms | Allocations: 2809)


Started GET "/input" for ::1 at 2022-11-14 21:05:41 +0300
Processing by PagesController#input as HTML
  Rendering layout layouts/application.html.erb
  Rendering pages/input.html.erb within layouts/application
  Rendered pages/input.html.erb within layouts/application (Duration: 1.9ms | Allocations: 1157)
  Rendered layout layouts/application.html.erb (Duration: 8.6ms | Allocations: 3622)
Completed 200 OK in 13ms (Views: 12.5ms | Allocations: 3877)


Started GET "/input" for ::1 at 2022-11-14 21:12:23 +0300
Processing by PagesController#input as HTML
  Rendering layout layouts/application.html.erb
  Rendering pages/input.html.erb within layouts/application
  Rendered pages/input.html.erb within layouts/application (Duration: 1.9ms | Allocations: 1451)
  Rendered layout layouts/application.html.erb (Duration: 8.6ms | Allocations: 4444)
Completed 200 OK in 13ms (Views: 11.1ms | Allocations: 5280)


Started GET "/result?input=1111&commit=%D0%A2%D1%8B%D0%BA" for ::1 at 2022-11-14 21:12:28 +0300
Processing by PagesController#result as HTML
  Parameters: {"input"=>"1111", "commit"=>"Тык"}
  Rendering layout layouts/application.html.erb
  Rendering pages/result.html.erb within layouts/application
  Rendered pages/result.html.erb within layouts/application (Duration: 1.0ms | Allocations: 183)
  Rendered layout layouts/application.html.erb (Duration: 6.9ms | Allocations: 2637)
Completed 200 OK in 9ms (Views: 7.8ms | Allocations: 2980)


Started GET "/input" for ::1 at 2022-11-14 21:12:30 +0300
Processing by PagesController#input as HTML
  Rendering layout layouts/application.html.erb
  Rendering pages/input.html.erb within layouts/application
  Rendered pages/input.html.erb within layouts/application (Duration: 1.6ms | Allocations: 1158)
  Rendered layout layouts/application.html.erb (Duration: 11.4ms | Allocations: 3638)
Completed 200 OK in 14ms (Views: 12.7ms | Allocations: 3893)


Started GET "/input" for ::1 at 2022-11-14 21:12:51 +0300
Processing by PagesController#input as HTML
  Rendering layout layouts/application.html.erb
  Rendering pages/input.html.erb within layouts/application
  Rendered pages/input.html.erb within layouts/application (Duration: 1.4ms | Allocations: 1179)
  Rendered layout layouts/application.html.erb (Duration: 23.1ms | Allocations: 15377)
Completed 200 OK in 26ms (Views: 25.0ms | Allocations: 16086)


Started GET "/result?input=2222&commit=%D0%A2%D1%8B%D0%BA" for ::1 at 2022-11-14 21:12:54 +0300
Processing by PagesController#result as HTML
  Parameters: {"input"=>"2222", "commit"=>"Тык"}
  Rendering layout layouts/application.html.erb
  Rendering pages/result.html.erb within layouts/application
  Rendered pages/result.html.erb within layouts/application (Duration: 0.3ms | Allocations: 71)
  Rendered layout layouts/application.html.erb (Duration: 4.1ms | Allocations: 2249)
Completed 200 OK in 6ms (Views: 5.2ms | Allocations: 2814)


Started GET "/input" for ::1 at 2022-11-14 21:13:01 +0300
Processing by PagesController#input as HTML
  Rendering layout layouts/application.html.erb
  Rendering pages/input.html.erb within layouts/application
  Rendered pages/input.html.erb within layouts/application (Duration: 2.7ms | Allocations: 1157)
  Rendered layout layouts/application.html.erb (Duration: 9.8ms | Allocations: 3670)
Completed 200 OK in 12ms (Views: 11.1ms | Allocations: 3925)


Started GET "/input" for ::1 at 2022-11-14 21:13:04 +0300
Processing by PagesController#input as HTML
  Rendering layout layouts/application.html.erb
  Rendering pages/input.html.erb within layouts/application
  Rendered pages/input.html.erb within layouts/application (Duration: 1.8ms | Allocations: 1157)
  Rendered layout layouts/application.html.erb (Duration: 10.1ms | Allocations: 3625)
Completed 200 OK in 12ms (Views: 11.3ms | Allocations: 3878)


Started GET "/input" for ::1 at 2022-11-14 21:13:26 +0300
Processing by PagesController#input as HTML
  Rendering layout layouts/application.html.erb
  Rendering pages/input.html.erb within layouts/application
  Rendered pages/input.html.erb within layouts/application (Duration: 2.5ms | Allocations: 1457)
  Rendered layout layouts/application.html.erb (Duration: 9.5ms | Allocations: 4426)
Completed 200 OK in 14ms (Views: 12.7ms | Allocations: 5266)


Started GET "/result?input=1&commit=%D0%A2%D1%8B%D0%BA" for ::1 at 2022-11-14 21:13:28 +0300
Processing by PagesController#result as HTML
  Parameters: {"input"=>"1", "commit"=>"Тык"}
  Rendering layout layouts/application.html.erb
  Rendering pages/result.html.erb within layouts/application
  Rendered pages/result.html.erb within layouts/application (Duration: 1.8ms | Allocations: 183)
  Rendered layout layouts/application.html.erb (Duration: 10.8ms | Allocations: 2363)
Completed 200 OK in 15ms (Views: 12.1ms | Allocations: 2990)


Started GET "/result?input=1&commit=%D0%A2%D1%8B%D0%BA" for ::1 at 2022-11-14 21:13:31 +0300
Processing by PagesController#result as HTML
  Parameters: {"input"=>"1", "commit"=>"Тык"}
  Rendering layout layouts/application.html.erb
  Rendering pages/result.html.erb within layouts/application
  Rendered pages/result.html.erb within layouts/application (Duration: 0.4ms | Allocations: 46)
  Rendered layout layouts/application.html.erb (Duration: 6.0ms | Allocations: 2228)
Completed 200 OK in 8ms (Views: 7.0ms | Allocations: 2796)


Started GET "/input" for ::1 at 2022-11-14 21:13:32 +0300
Processing by PagesController#input as HTML
  Rendering layout layouts/application.html.erb
  Rendering pages/input.html.erb within layouts/application
  Rendered pages/input.html.erb within layouts/application (Duration: 1.7ms | Allocations: 1157)
  Rendered layout layouts/application.html.erb (Duration: 11.0ms | Allocations: 3660)
Completed 200 OK in 14ms (Views: 12.3ms | Allocations: 3915)


Started GET "/input" for ::1 at 2022-11-14 21:13:34 +0300
Processing by PagesController#input as HTML
  Rendering layout layouts/application.html.erb
  Rendering pages/input.html.erb within layouts/application
  Rendered pages/input.html.erb within layouts/application (Duration: 1.8ms | Allocations: 1157)
  Rendered layout layouts/application.html.erb (Duration: 8.0ms | Allocations: 3607)
Completed 200 OK in 10ms (Views: 8.9ms | Allocations: 3860)


Started GET "/input" for ::1 at 2022-11-14 21:19:11 +0300
Processing by PagesController#input as HTML
  Rendering layout layouts/application.html.erb
  Rendering pages/input.html.erb within layouts/application
  Rendered pages/input.html.erb within layouts/application (Duration: 5.8ms | Allocations: 1451)
  Rendered layout layouts/application.html.erb (Duration: 18.1ms | Allocations: 4503)
Completed 200 OK in 23ms (Views: 21.4ms | Allocations: 5316)


Started GET "/result?input=iqsetb4y&commit=%D0%A2%D1%8B%D0%BA" for ::1 at 2022-11-14 21:19:17 +0300
Processing by PagesController#result as HTML
  Parameters: {"input"=>"iqsetb4y", "commit"=>"Тык"}
  Rendering layout layouts/application.html.erb
  Rendering pages/result.html.erb within layouts/application
  Rendered pages/result.html.erb within layouts/application (Duration: 1.5ms | Allocations: 183)
  Rendered layout layouts/application.html.erb (Duration: 9.0ms | Allocations: 2429)
Completed 200 OK in 12ms (Views: 10.2ms | Allocations: 3057)


Started GET "/input" for ::1 at 2022-11-14 21:19:24 +0300
Processing by PagesController#input as HTML
  Rendering layout layouts/application.html.erb
  Rendering pages/input.html.erb within layouts/application
  Rendered pages/input.html.erb within layouts/application (Duration: 2.4ms | Allocations: 1157)
  Rendered layout layouts/application.html.erb (Duration: 11.3ms | Allocations: 3727)
Completed 200 OK in 14ms (Views: 13.3ms | Allocations: 3982)


Started GET "/input" for ::1 at 2022-11-14 21:22:02 +0300
Processing by PagesController#input as HTML
  Rendering layout layouts/application.html.erb
  Rendering pages/input.html.erb within layouts/application
  Rendered pages/input.html.erb within layouts/application (Duration: 1.6ms | Allocations: 1179)
  Rendered layout layouts/application.html.erb (Duration: 24.9ms | Allocations: 15452)
Completed 200 OK in 27ms (Views: 26.7ms | Allocations: 16175)


Started GET "/result?input=2&commit=%D0%A2%D1%8B%D0%BA" for ::1 at 2022-11-14 21:22:05 +0300
Processing by PagesController#result as HTML
  Parameters: {"input"=>"2", "commit"=>"Тык"}
Completed 500 Internal Server Error in 13ms (Allocations: 3670)


  
NameError (undefined local variable or method `home_path' for #<PagesController:0x0000000001d768>

    redirect_to home_path unless flash.empty?
                ^^^^^^^^^):
  
app/controllers/pages_controller.rb:21:in `validate_all'
Started GET "/input" for ::1 at 2022-11-14 21:22:22 +0300
  
SyntaxError (/home/liubava/Desktop/webdev-rks/rk2/config/routes.rb:2: syntax error, unexpected local variable or method, expecting `end'
...get 'input' => 'pages#input' as 'home'
...                             ^~
/home/liubava/Desktop/webdev-rks/rk2/config/routes.rb:11: syntax error, unexpected `end', expecting end-of-input):
  
config/routes.rb:2: syntax error, unexpected local variable or method, expecting `end'
config/routes.rb:11: syntax error, unexpected `end', expecting end-of-input
config/routes.rb:2: syntax error, unexpected local variable or method, expecting `end'
config/routes.rb:11: syntax error, unexpected `end', expecting end-of-input
config/routes.rb:2: syntax error, unexpected local variable or method, expecting `end'
config/routes.rb:11: syntax error, unexpected `end', expecting end-of-input
Started GET "/input" for ::1 at 2022-11-14 21:23:01 +0300
Processing by PagesController#input as HTML
  Rendering layout layouts/application.html.erb
  Rendering pages/input.html.erb within layouts/application
  Rendered pages/input.html.erb within layouts/application (Duration: 1.2ms | Allocations: 1179)
  Rendered layout layouts/application.html.erb (Duration: 28.4ms | Allocations: 15440)
Completed 200 OK in 31ms (Views: 30.5ms | Allocations: 16163)


Started GET "/" for ::1 at 2022-11-14 21:23:05 +0300
Processing by PagesController#input as HTML
  Rendering layout layouts/application.html.erb
  Rendering pages/input.html.erb within layouts/application
  Rendered pages/input.html.erb within layouts/application (Duration: 1.3ms | Allocations: 1157)
  Rendered layout layouts/application.html.erb (Duration: 7.6ms | Allocations: 3672)
Completed 200 OK in 9ms (Views: 8.6ms | Allocations: 3942)


Started GET "/result?input=3232&commit=%D0%A2%D1%8B%D0%BA" for ::1 at 2022-11-14 21:23:09 +0300
Processing by PagesController#result as HTML
  Parameters: {"input"=>"3232", "commit"=>"Тык"}
Redirected to http://localhost:3000/
Filter chain halted as :validate_all rendered or redirected
Completed 302 Found in 2ms (Allocations: 550)


Started GET "/" for ::1 at 2022-11-14 21:23:09 +0300
Processing by PagesController#input as HTML
  Rendering layout layouts/application.html.erb
  Rendering pages/input.html.erb within layouts/application
  Rendered pages/input.html.erb within layouts/application (Duration: 1.7ms | Allocations: 1157)
  Rendered layout layouts/application.html.erb (Duration: 9.5ms | Allocations: 3736)
Completed 200 OK in 13ms (Views: 11.0ms | Allocations: 3991)


Started GET "/" for ::1 at 2022-11-14 21:23:40 +0300
Processing by PagesController#input as HTML
  Rendering layout layouts/application.html.erb
  Rendering pages/input.html.erb within layouts/application
  Rendered pages/input.html.erb within layouts/application (Duration: 4.6ms | Allocations: 1454)
  Rendered layout layouts/application.html.erb (Duration: 17.2ms | Allocations: 4513)
Completed 200 OK in 23ms (Views: 21.0ms | Allocations: 5348)


Started GET "/result?input=11111&commit=%D0%A2%D1%8B%D0%BA" for ::1 at 2022-11-14 21:23:43 +0300
Processing by PagesController#result as HTML
  Parameters: {"input"=>"11111", "commit"=>"Тык"}
Redirected to http://localhost:3000/
Filter chain halted as :validate_all rendered or redirected
Completed 302 Found in 2ms (Allocations: 466)


Started GET "/" for ::1 at 2022-11-14 21:23:43 +0300
Processing by PagesController#input as HTML
  Rendering layout layouts/application.html.erb
  Rendering pages/input.html.erb within layouts/application
  Rendered pages/input.html.erb within layouts/application (Duration: 1.9ms | Allocations: 1157)
  Rendered layout layouts/application.html.erb (Duration: 8.8ms | Allocations: 3727)
Completed 200 OK in 10ms (Views: 9.7ms | Allocations: 3996)


Started GET "/result?input=2222&commit=%D0%A2%D1%8B%D0%BA" for ::1 at 2022-11-14 21:23:51 +0300
Processing by PagesController#result as HTML
  Parameters: {"input"=>"2222", "commit"=>"Тык"}
Redirected to http://localhost:3000/
Filter chain halted as :validate_all rendered or redirected
Completed 302 Found in 3ms (Allocations: 449)


Started GET "/" for ::1 at 2022-11-14 21:23:51 +0300
Processing by PagesController#input as HTML
  Rendering layout layouts/application.html.erb
  Rendering pages/input.html.erb within layouts/application
  Rendered pages/input.html.erb within layouts/application (Duration: 1.2ms | Allocations: 1157)
  Rendered layout layouts/application.html.erb (Duration: 7.1ms | Allocations: 3729)
Completed 200 OK in 9ms (Views: 8.1ms | Allocations: 3984)


Started GET "/result?input=ss&commit=%D0%A2%D1%8B%D0%BA" for ::1 at 2022-11-14 21:23:55 +0300
Processing by PagesController#result as HTML
  Parameters: {"input"=>"ss", "commit"=>"Тык"}
  Rendering layout layouts/application.html.erb
  Rendering pages/result.html.erb within layouts/application
  Rendered pages/result.html.erb within layouts/application (Duration: 1.3ms | Allocations: 183)
  Rendered layout layouts/application.html.erb (Duration: 8.3ms | Allocations: 2427)
Completed 200 OK in 12ms (Views: 9.8ms | Allocations: 3040)


Started GET "/input" for ::1 at 2022-11-14 21:23:57 +0300
Processing by PagesController#input as HTML
  Rendering layout layouts/application.html.erb
  Rendering pages/input.html.erb within layouts/application
  Rendered pages/input.html.erb within layouts/application (Duration: 2.5ms | Allocations: 1157)
  Rendered layout layouts/application.html.erb (Duration: 11.5ms | Allocations: 3678)
Completed 200 OK in 13ms (Views: 12.6ms | Allocations: 3933)


Started GET "/result?input=ee&commit=%D0%A2%D1%8B%D0%BA" for ::1 at 2022-11-14 21:24:02 +0300
Processing by PagesController#result as HTML
  Parameters: {"input"=>"ee", "commit"=>"Тык"}
  Rendering layout layouts/application.html.erb
  Rendering pages/result.html.erb within layouts/application
  Rendered pages/result.html.erb within layouts/application (Duration: 0.4ms | Allocations: 46)
  Rendered layout layouts/application.html.erb (Duration: 8.6ms | Allocations: 2290)
Completed 200 OK in 12ms (Views: 10.0ms | Allocations: 2851)


Started GET "/result?input=ee&commit=%D0%A2%D1%8B%D0%BA" for ::1 at 2022-11-14 21:24:06 +0300
Processing by PagesController#result as HTML
  Parameters: {"input"=>"ee", "commit"=>"Тык"}
  Rendering layout layouts/application.html.erb
  Rendering pages/result.html.erb within layouts/application
  Rendered pages/result.html.erb within layouts/application (Duration: 0.2ms | Allocations: 46)
  Rendered layout layouts/application.html.erb (Duration: 5.0ms | Allocations: 2290)
Completed 200 OK in 7ms (Views: 5.8ms | Allocations: 2857)


Started GET "/input" for ::1 at 2022-11-14 21:24:26 +0300
Processing by PagesController#input as HTML
  Rendering layout layouts/application.html.erb
  Rendering pages/input.html.erb within layouts/application
  Rendered pages/input.html.erb within layouts/application (Duration: 1.8ms | Allocations: 1157)
  Rendered layout layouts/application.html.erb (Duration: 22.9ms | Allocations: 3708)
Completed 200 OK in 26ms (Views: 24.5ms | Allocations: 3962)


Started GET "/result?input=2&commit=%D0%A2%D1%8B%D0%BA" for ::1 at 2022-11-14 21:26:06 +0300
Processing by PagesController#result as HTML
  Parameters: {"input"=>"2", "commit"=>"Тык"}
Redirected to http://localhost:3000/
Filter chain halted as :validate_all rendered or redirected
Completed 302 Found in 2ms (Allocations: 688)


Started GET "/" for ::1 at 2022-11-14 21:26:06 +0300
Processing by PagesController#input as HTML
  Rendering layout layouts/application.html.erb
  Rendering pages/input.html.erb within layouts/application
  Rendered pages/input.html.erb within layouts/application (Duration: 1.7ms | Allocations: 1230)
  Rendered layout layouts/application.html.erb (Duration: 24.3ms | Allocations: 15519)
Completed 200 OK in 27ms (Views: 26.4ms | Allocations: 16104)


Started GET "/" for ::1 at 2022-11-14 22:07:21 +0300
Processing by PagesController#input as HTML
  Rendering layout layouts/application.html.erb
  Rendering pages/input.html.erb within layouts/application
  Rendered pages/input.html.erb within layouts/application (Duration: 1.3ms | Allocations: 1179)
  Rendered layout layouts/application.html.erb (Duration: 24.4ms | Allocations: 15438)
Completed 200 OK in 36ms (Views: 26.3ms | Allocations: 16175)


Started GET "/result?input=3333+%D1%8B%D0%B2%D0%B0+qwe&commit=%D0%A2%D1%8B%D0%BA" for ::1 at 2022-11-14 22:07:28 +0300
Processing by PagesController#result as HTML
  Parameters: {"input"=>"3333 ыва qwe", "commit"=>"Тык"}
Redirected to http://localhost:3000/
Filter chain halted as :validate_all rendered or redirected
Completed 302 Found in 2ms (Allocations: 497)


Started GET "/" for ::1 at 2022-11-14 22:07:28 +0300
Processing by PagesController#input as HTML
  Rendering layout layouts/application.html.erb
  Rendering pages/input.html.erb within layouts/application
  Rendered pages/input.html.erb within layouts/application (Duration: 1.3ms | Allocations: 1157)
  Rendered layout layouts/application.html.erb (Duration: 7.3ms | Allocations: 3697)
Completed 200 OK in 9ms (Views: 8.2ms | Allocations: 3966)


Started GET "/result?input=qwe+qwe&commit=%D0%A2%D1%8B%D0%BA" for ::1 at 2022-11-14 22:07:34 +0300
Processing by PagesController#result as HTML
  Parameters: {"input"=>"qwe qwe", "commit"=>"Тык"}
Redirected to http://localhost:3000/
Filter chain halted as :validate_all rendered or redirected
Completed 302 Found in 2ms (Allocations: 466)


Started GET "/" for ::1 at 2022-11-14 22:07:34 +0300
Processing by PagesController#input as HTML
  Rendering layout layouts/application.html.erb
  Rendering pages/input.html.erb within layouts/application
  Rendered pages/input.html.erb within layouts/application (Duration: 1.5ms | Allocations: 1158)
  Rendered layout layouts/application.html.erb (Duration: 8.8ms | Allocations: 3725)
Completed 200 OK in 11ms (Views: 10.1ms | Allocations: 3981)


Started GET "/result?input=323&commit=%D0%A2%D1%8B%D0%BA" for ::1 at 2022-11-14 22:07:46 +0300
Processing by PagesController#result as HTML
  Parameters: {"input"=>"323", "commit"=>"Тык"}
Redirected to http://localhost:3000/
Filter chain halted as :validate_all rendered or redirected
Completed 302 Found in 2ms (Allocations: 460)


Started GET "/" for ::1 at 2022-11-14 22:07:46 +0300
Processing by PagesController#input as HTML
  Rendering layout layouts/application.html.erb
  Rendering pages/input.html.erb within layouts/application
  Rendered pages/input.html.erb within layouts/application (Duration: 1.4ms | Allocations: 1157)
  Rendered layout layouts/application.html.erb (Duration: 8.3ms | Allocations: 3713)
Completed 200 OK in 10ms (Views: 9.2ms | Allocations: 3968)


Started GET "/result?input=3we+qwe&commit=%D0%A2%D1%8B%D0%BA" for ::1 at 2022-11-14 22:07:55 +0300
Processing by PagesController#result as HTML
  Parameters: {"input"=>"3we qwe", "commit"=>"Тык"}
Redirected to http://localhost:3000/
Filter chain halted as :validate_all rendered or redirected
Completed 302 Found in 1ms (Allocations: 464)


Started GET "/" for ::1 at 2022-11-14 22:07:55 +0300
Processing by PagesController#input as HTML
  Rendering layout layouts/application.html.erb
  Rendering pages/input.html.erb within layouts/application
  Rendered pages/input.html.erb within layouts/application (Duration: 1.7ms | Allocations: 1157)
  Rendered layout layouts/application.html.erb (Duration: 9.0ms | Allocations: 3732)
Completed 200 OK in 11ms (Views: 10.0ms | Allocations: 3987)


Started GET "/result?input=pofig&commit=%D0%A2%D1%8B%D0%BA" for ::1 at 2022-11-14 22:08:03 +0300
Processing by PagesController#result as HTML
  Parameters: {"input"=>"pofig", "commit"=>"Тык"}
Redirected to http://localhost:3000/
Filter chain halted as :validate_all rendered or redirected
Completed 302 Found in 2ms (Allocations: 457)


Started GET "/" for ::1 at 2022-11-14 22:08:03 +0300
Processing by PagesController#input as HTML
  Rendering layout layouts/application.html.erb
  Rendering pages/input.html.erb within layouts/application
  Rendered pages/input.html.erb within layouts/application (Duration: 1.6ms | Allocations: 1157)
  Rendered layout layouts/application.html.erb (Duration: 7.5ms | Allocations: 3714)
Completed 200 OK in 9ms (Views: 8.3ms | Allocations: 3969)


Started GET "/" for ::1 at 2022-11-14 22:14:09 +0300
Processing by PagesController#input as HTML
  Rendering layout layouts/application.html.erb
  Rendering pages/input.html.erb within layouts/application
  Rendered pages/input.html.erb within layouts/application (Duration: 1.3ms | Allocations: 1179)
  Rendered layout layouts/application.html.erb (Duration: 24.2ms | Allocations: 15446)
Completed 200 OK in 27ms (Views: 26.1ms | Allocations: 16169)


Started GET "/result?input=12&commit=%D0%A2%D1%8B%D0%BA" for ::1 at 2022-11-14 22:14:13 +0300
Processing by PagesController#result as HTML
  Parameters: {"input"=>"12", "commit"=>"Тык"}
Redirected to http://localhost:3000/
Filter chain halted as :validate_all rendered or redirected
Completed 302 Found in 3ms (Allocations: 491)


Started GET "/" for ::1 at 2022-11-14 22:14:13 +0300
Processing by PagesController#input as HTML
  Rendering layout layouts/application.html.erb
  Rendering pages/input.html.erb within layouts/application
  Rendered pages/input.html.erb within layouts/application (Duration: 1.9ms | Allocations: 1158)
  Rendered layout layouts/application.html.erb (Duration: 10.8ms | Allocations: 3735)
Completed 200 OK in 14ms (Views: 12.6ms | Allocations: 4005)


Started GET "/result?input=23+23&commit=%D0%A2%D1%8B%D0%BA" for ::1 at 2022-11-14 22:14:18 +0300
Processing by PagesController#result as HTML
  Parameters: {"input"=>"23 23", "commit"=>"Тык"}
Redirected to http://localhost:3000/
Filter chain halted as :validate_all rendered or redirected
Completed 302 Found in 3ms (Allocations: 448)


Started GET "/" for ::1 at 2022-11-14 22:14:18 +0300
Processing by PagesController#input as HTML
  Rendering layout layouts/application.html.erb
  Rendering pages/input.html.erb within layouts/application
  Rendered pages/input.html.erb within layouts/application (Duration: 2.6ms | Allocations: 1157)
  Rendered layout layouts/application.html.erb (Duration: 12.2ms | Allocations: 3722)
Completed 200 OK in 15ms (Views: 13.5ms | Allocations: 3977)


Started GET "/result?input=12+45+56&commit=%D0%A2%D1%8B%D0%BA" for ::1 at 2022-11-14 22:14:28 +0300
Processing by PagesController#result as HTML
  Parameters: {"input"=>"12 45 56", "commit"=>"Тык"}
  Rendering layout layouts/application.html.erb
  Rendering pages/result.html.erb within layouts/application
  Rendered pages/result.html.erb within layouts/application (Duration: 0.4ms | Allocations: 109)
  Rendered layout layouts/application.html.erb (Duration: 119.1ms | Allocations: 13994)
Completed 200 OK in 123ms (Views: 121.0ms | Allocations: 15081)


Started GET "/input" for ::1 at 2022-11-14 22:14:30 +0300
Processing by PagesController#input as HTML
  Rendering layout layouts/application.html.erb
  Rendering pages/input.html.erb within layouts/application
  Rendered pages/input.html.erb within layouts/application (Duration: 1.8ms | Allocations: 1201)
  Rendered layout layouts/application.html.erb (Duration: 8.4ms | Allocations: 3798)
Completed 200 OK in 10ms (Views: 9.5ms | Allocations: 4071)


Started GET "/result?input=12.4+-0&commit=%D0%A2%D1%8B%D0%BA" for ::1 at 2022-11-14 22:14:37 +0300
Processing by PagesController#result as HTML
  Parameters: {"input"=>"12.4 -0", "commit"=>"Тык"}
  Rendering layout layouts/application.html.erb
  Rendering pages/result.html.erb within layouts/application
  Rendered pages/result.html.erb within layouts/application (Duration: 0.7ms | Allocations: 47)
  Rendered layout layouts/application.html.erb (Duration: 8.4ms | Allocations: 2297)
Completed 200 OK in 11ms (Views: 9.7ms | Allocations: 2855)


Started GET "/input" for ::1 at 2022-11-14 22:14:38 +0300
Processing by PagesController#input as HTML
  Rendering layout layouts/application.html.erb
  Rendering pages/input.html.erb within layouts/application
  Rendered pages/input.html.erb within layouts/application (Duration: 2.4ms | Allocations: 1157)
  Rendered layout layouts/application.html.erb (Duration: 8.7ms | Allocations: 3675)
Completed 200 OK in 11ms (Views: 10.2ms | Allocations: 3930)


Started GET "/result?input=23+45+-8+-3.2&commit=%D0%A2%D1%8B%D0%BA" for ::1 at 2022-11-14 22:17:36 +0300
Processing by PagesController#result as HTML
  Parameters: {"input"=>"23 45 -8 -3.2", "commit"=>"Тык"}
  Rendering layout layouts/application.html.erb
  Rendering pages/result.html.erb within layouts/application
  Rendered pages/result.html.erb within layouts/application (Duration: 0.3ms | Allocations: 47)
  Rendered layout layouts/application.html.erb (Duration: 5.4ms | Allocations: 2291)
Completed 200 OK in 8ms (Views: 6.2ms | Allocations: 2843)


Started GET "/input" for ::1 at 2022-11-14 22:17:39 +0300
Processing by PagesController#input as HTML
  Rendering layout layouts/application.html.erb
  Rendering pages/input.html.erb within layouts/application
  Rendered pages/input.html.erb within layouts/application (Duration: 2.2ms | Allocations: 1157)
  Rendered layout layouts/application.html.erb (Duration: 13.3ms | Allocations: 3699)
Completed 200 OK in 17ms (Views: 15.2ms | Allocations: 3954)


Started GET "/result?input=.2&commit=%D0%A2%D1%8B%D0%BA" for ::1 at 2022-11-14 22:17:42 +0300
Processing by PagesController#result as HTML
  Parameters: {"input"=>".2", "commit"=>"Тык"}
Redirected to http://localhost:3000/
Filter chain halted as :validate_all rendered or redirected
Completed 302 Found in 2ms (Allocations: 484)


Started GET "/" for ::1 at 2022-11-14 22:17:42 +0300
Processing by PagesController#input as HTML
  Rendering layout layouts/application.html.erb
  Rendering pages/input.html.erb within layouts/application
  Rendered pages/input.html.erb within layouts/application (Duration: 1.4ms | Allocations: 1157)
  Rendered layout layouts/application.html.erb (Duration: 9.7ms | Allocations: 3746)
Completed 200 OK in 11ms (Views: 10.6ms | Allocations: 4002)


Started GET "/result?input=&commit=%D0%A2%D1%8B%D0%BA" for ::1 at 2022-11-14 22:17:46 +0300
Processing by PagesController#result as HTML
  Parameters: {"input"=>"", "commit"=>"Тык"}
Redirected to http://localhost:3000/
Filter chain halted as :validate_all rendered or redirected
Completed 302 Found in 2ms (Allocations: 458)


Started GET "/" for ::1 at 2022-11-14 22:17:46 +0300
Processing by PagesController#input as HTML
  Rendering layout layouts/application.html.erb
  Rendering pages/input.html.erb within layouts/application
  Rendered pages/input.html.erb within layouts/application (Duration: 1.7ms | Allocations: 1157)
  Rendered layout layouts/application.html.erb (Duration: 7.7ms | Allocations: 3736)
Completed 200 OK in 9ms (Views: 8.7ms | Allocations: 3991)


Started GET "/" for ::1 at 2022-11-14 22:17:47 +0300
Processing by PagesController#input as HTML
  Rendering layout layouts/application.html.erb
  Rendering pages/input.html.erb within layouts/application
  Rendered pages/input.html.erb within layouts/application (Duration: 1.4ms | Allocations: 1158)
  Rendered layout layouts/application.html.erb (Duration: 7.0ms | Allocations: 3704)
Completed 200 OK in 9ms (Views: 7.8ms | Allocations: 3957)


Started GET "/" for ::1 at 2022-11-14 22:19:13 +0300
Processing by PagesController#input as HTML
  Rendering layout layouts/application.html.erb
  Rendering pages/input.html.erb within layouts/application
  Rendered pages/input.html.erb within layouts/application (Duration: 1.8ms | Allocations: 1157)
  Rendered layout layouts/application.html.erb (Duration: 28.8ms | Allocations: 7222)
Completed 200 OK in 31ms (Views: 29.9ms | Allocations: 7475)


Started GET "/" for ::1 at 2022-11-14 22:19:14 +0300
Processing by PagesController#input as HTML
  Rendering layout layouts/application.html.erb
  Rendering pages/input.html.erb within layouts/application
  Rendered pages/input.html.erb within layouts/application (Duration: 1.5ms | Allocations: 1157)
  Rendered layout layouts/application.html.erb (Duration: 8.0ms | Allocations: 3738)
Completed 200 OK in 10ms (Views: 9.1ms | Allocations: 3991)


Started GET "/" for ::1 at 2022-11-14 22:19:24 +0300
Processing by PagesController#input as HTML
  Rendering layout layouts/application.html.erb
  Rendering pages/input.html.erb within layouts/application
  Rendered pages/input.html.erb within layouts/application (Duration: 2.0ms | Allocations: 1157)
  Rendered layout layouts/application.html.erb (Duration: 17.1ms | Allocations: 5942)
Completed 200 OK in 19ms (Views: 18.2ms | Allocations: 6195)


Started GET "/" for ::1 at 2022-11-14 22:19:25 +0300
Processing by PagesController#input as HTML
  Rendering layout layouts/application.html.erb
  Rendering pages/input.html.erb within layouts/application
  Rendered pages/input.html.erb within layouts/application (Duration: 1.2ms | Allocations: 1157)
  Rendered layout layouts/application.html.erb (Duration: 7.0ms | Allocations: 3746)
Completed 200 OK in 9ms (Views: 8.0ms | Allocations: 3999)


Started GET "/" for ::1 at 2022-11-14 22:22:10 +0300
Processing by PagesController#input as HTML
  Rendering layout layouts/application.html.erb
  Rendering pages/input.html.erb within layouts/application
  Rendered pages/input.html.erb within layouts/application (Duration: 1.0ms | Allocations: 1157)
  Rendered layout layouts/application.html.erb (Duration: 12.5ms | Allocations: 5967)
Completed 200 OK in 14ms (Views: 13.5ms | Allocations: 6220)


Started GET "/" for ::1 at 2022-11-14 22:22:12 +0300
Processing by PagesController#input as HTML
  Rendering layout layouts/application.html.erb
  Rendering pages/input.html.erb within layouts/application
  Rendered pages/input.html.erb within layouts/application (Duration: 2.0ms | Allocations: 1157)
  Rendered layout layouts/application.html.erb (Duration: 12.1ms | Allocations: 3740)
Completed 200 OK in 15ms (Views: 13.6ms | Allocations: 3993)


Started GET "/" for ::1 at 2022-11-14 22:22:20 +0300
Processing by PagesController#input as HTML
  Rendering layout layouts/application.html.erb
  Rendering pages/input.html.erb within layouts/application
  Rendered pages/input.html.erb within layouts/application (Duration: 1.6ms | Allocations: 1157)
  Rendered layout layouts/application.html.erb (Duration: 16.3ms | Allocations: 6051)
Completed 200 OK in 18ms (Views: 17.2ms | Allocations: 6304)


Started GET "/" for ::1 at 2022-11-14 22:23:15 +0300
Processing by PagesController#input as HTML
  Rendering layout layouts/application.html.erb
  Rendering pages/input.html.erb within layouts/application
  Rendered pages/input.html.erb within layouts/application (Duration: 2.1ms | Allocations: 1158)
  Rendered layout layouts/application.html.erb (Duration: 19.5ms | Allocations: 6170)
Completed 200 OK in 21ms (Views: 20.5ms | Allocations: 6424)


Started GET "/" for ::1 at 2022-11-14 22:23:16 +0300
Processing by PagesController#input as HTML
  Rendering layout layouts/application.html.erb
  Rendering pages/input.html.erb within layouts/application
  Rendered pages/input.html.erb within layouts/application (Duration: 1.3ms | Allocations: 1158)
  Rendered layout layouts/application.html.erb (Duration: 7.3ms | Allocations: 3763)
Completed 200 OK in 9ms (Views: 8.2ms | Allocations: 4017)


Started GET "/" for ::1 at 2022-11-14 22:23:35 +0300
Processing by PagesController#input as HTML
  Rendering layout layouts/application.html.erb
  Rendering pages/input.html.erb within layouts/application
  Rendered pages/input.html.erb within layouts/application (Duration: 1.9ms | Allocations: 1157)
  Rendered layout layouts/application.html.erb (Duration: 15.8ms | Allocations: 6239)
Completed 200 OK in 18ms (Views: 16.7ms | Allocations: 6492)


Started GET "/" for ::1 at 2022-11-14 22:23:40 +0300
Processing by PagesController#input as HTML
  Rendering layout layouts/application.html.erb
  Rendering pages/input.html.erb within layouts/application
  Rendered pages/input.html.erb within layouts/application (Duration: 1.6ms | Allocations: 1157)
  Rendered layout layouts/application.html.erb (Duration: 15.2ms | Allocations: 6233)
Completed 200 OK in 17ms (Views: 16.2ms | Allocations: 6486)


Started GET "/" for ::1 at 2022-11-14 22:23:56 +0300
Processing by PagesController#input as HTML
  Rendering layout layouts/application.html.erb
  Rendering pages/input.html.erb within layouts/application
  Rendered pages/input.html.erb within layouts/application (Duration: 1.4ms | Allocations: 1157)
  Rendered layout layouts/application.html.erb (Duration: 16.2ms | Allocations: 6235)
Completed 200 OK in 18ms (Views: 17.1ms | Allocations: 6488)


Started GET "/" for ::1 at 2022-11-14 22:25:06 +0300
Processing by PagesController#input as HTML
  Rendering layout layouts/application.html.erb
  Rendering pages/input.html.erb within layouts/application
  Rendered pages/input.html.erb within layouts/application (Duration: 2.2ms | Allocations: 1157)
  Rendered layout layouts/application.html.erb (Duration: 24.9ms | Allocations: 6222)
Completed 200 OK in 28ms (Views: 27.1ms | Allocations: 6476)


Started GET "/" for ::1 at 2022-11-14 22:25:19 +0300
Processing by PagesController#input as HTML
  Rendering layout layouts/application.html.erb
  Rendering pages/input.html.erb within layouts/application
  Rendered pages/input.html.erb within layouts/application (Duration: 1.6ms | Allocations: 1158)
  Rendered layout layouts/application.html.erb (Duration: 16.4ms | Allocations: 6233)
Completed 200 OK in 18ms (Views: 17.4ms | Allocations: 6487)


Started GET "/" for ::1 at 2022-11-14 22:25:40 +0300
Processing by PagesController#input as HTML
  Rendering layout layouts/application.html.erb
  Rendering pages/input.html.erb within layouts/application
  Rendered pages/input.html.erb within layouts/application (Duration: 1.5ms | Allocations: 1157)
  Rendered layout layouts/application.html.erb (Duration: 14.2ms | Allocations: 6241)
Completed 200 OK in 16ms (Views: 15.1ms | Allocations: 6494)


Started GET "/" for ::1 at 2022-11-14 22:26:01 +0300
Processing by PagesController#input as HTML
  Rendering layout layouts/application.html.erb
  Rendering pages/input.html.erb within layouts/application
  Rendered pages/input.html.erb within layouts/application (Duration: 4.1ms | Allocations: 1456)
  Rendered layout layouts/application.html.erb (Duration: 11.7ms | Allocations: 4558)
Completed 200 OK in 15ms (Views: 14.2ms | Allocations: 5393)


Started GET "/" for ::1 at 2022-11-14 22:26:24 +0300
Processing by PagesController#input as HTML
  Rendering layout layouts/application.html.erb
  Rendering pages/input.html.erb within layouts/application
  Rendered pages/input.html.erb within layouts/application (Duration: 4.8ms | Allocations: 1452)
  Rendered layout layouts/application.html.erb (Duration: 16.6ms | Allocations: 4569)
Completed 200 OK in 23ms (Views: 20.6ms | Allocations: 5400)


Started GET "/" for ::1 at 2022-11-14 22:30:24 +0300
Processing by PagesController#input as HTML
  Rendering layout layouts/application.html.erb
  Rendering pages/input.html.erb within layouts/application
  Rendered pages/input.html.erb within layouts/application (Duration: 3.0ms | Allocations: 1451)
  Rendered layout layouts/application.html.erb (Duration: 10.8ms | Allocations: 4547)
Completed 200 OK in 15ms (Views: 14.0ms | Allocations: 5378)


Started GET "/" for ::1 at 2022-11-14 22:30:52 +0300
Processing by PagesController#input as HTML
  Rendering layout layouts/application.html.erb
  Rendering pages/input.html.erb within layouts/application
  Rendered pages/input.html.erb within layouts/application (Duration: 1.5ms | Allocations: 1157)
  Rendered layout layouts/application.html.erb (Duration: 14.5ms | Allocations: 6346)
Completed 200 OK in 16ms (Views: 15.4ms | Allocations: 6617)


Started GET "/" for ::1 at 2022-11-14 22:31:02 +0300
Processing by PagesController#input as HTML
  Rendering layout layouts/application.html.erb
  Rendering pages/input.html.erb within layouts/application
  Rendered pages/input.html.erb within layouts/application (Duration: 2.5ms | Allocations: 1159)
  Rendered layout layouts/application.html.erb (Duration: 28.3ms | Allocations: 6258)
Completed 200 OK in 31ms (Views: 29.7ms | Allocations: 6512)


Started GET "/" for ::1 at 2022-11-14 22:31:03 +0300
Processing by PagesController#input as HTML
  Rendering layout layouts/application.html.erb
  Rendering pages/input.html.erb within layouts/application
  Rendered pages/input.html.erb within layouts/application (Duration: 1.2ms | Allocations: 1157)
  Rendered layout layouts/application.html.erb (Duration: 7.4ms | Allocations: 3765)
Completed 200 OK in 9ms (Views: 8.2ms | Allocations: 4019)


Started GET "/" for ::1 at 2022-11-14 22:31:16 +0300
Processing by PagesController#input as HTML
  Rendering layout layouts/application.html.erb
  Rendering pages/input.html.erb within layouts/application
  Rendered pages/input.html.erb within layouts/application (Duration: 2.1ms | Allocations: 1158)
  Rendered layout layouts/application.html.erb (Duration: 18.6ms | Allocations: 6245)
Completed 200 OK in 21ms (Views: 20.2ms | Allocations: 6499)


Started GET "/" for ::1 at 2022-11-14 22:32:29 +0300
Processing by PagesController#input as HTML
  Rendering layout layouts/application.html.erb
  Rendering pages/input.html.erb within layouts/application
  Rendered pages/input.html.erb within layouts/application (Duration: 4.7ms | Allocations: 1463)
  Rendered layout layouts/application.html.erb (Duration: 35.2ms | Allocations: 7163)
Completed 200 OK in 42ms (Views: 39.5ms | Allocations: 7976)


Started GET "/" for ::1 at 2022-11-14 22:32:39 +0300
Processing by PagesController#input as HTML
  Rendering layout layouts/application.html.erb
  Rendering pages/input.html.erb within layouts/application
  Rendered pages/input.html.erb within layouts/application (Duration: 2.3ms | Allocations: 1167)
  Rendered layout layouts/application.html.erb (Duration: 16.3ms | Allocations: 6269)
Completed 200 OK in 19ms (Views: 17.8ms | Allocations: 6540)


Started GET "/" for ::1 at 2022-11-14 22:33:54 +0300
Processing by PagesController#input as HTML
  Rendering layout layouts/application.html.erb
  Rendering pages/input.html.erb within layouts/application
  Rendered pages/input.html.erb within layouts/application (Duration: 3.8ms | Allocations: 1474)
  Rendered layout layouts/application.html.erb (Duration: 20.5ms | Allocations: 7189)
Completed 200 OK in 25ms (Views: 23.5ms | Allocations: 8002)


Started GET "/" for ::1 at 2022-11-14 22:35:13 +0300
Processing by PagesController#input as HTML
  Rendering layout layouts/application.html.erb
  Rendering pages/input.html.erb within layouts/application
  Rendered pages/input.html.erb within layouts/application (Duration: 2.7ms | Allocations: 1507)
  Rendered layout layouts/application.html.erb (Duration: 18.3ms | Allocations: 7218)
Completed 200 OK in 22ms (Views: 20.9ms | Allocations: 8050)


Started GET "/" for ::1 at 2022-11-14 22:35:56 +0300
Processing by PagesController#input as HTML
  Rendering layout layouts/application.html.erb
  Rendering pages/input.html.erb within layouts/application
  Rendered pages/input.html.erb within layouts/application (Duration: 1.1ms | Allocations: 1198)
  Rendered layout layouts/application.html.erb (Duration: 15.5ms | Allocations: 6294)
Completed 200 OK in 18ms (Views: 16.8ms | Allocations: 6565)


Started GET "/" for ::1 at 2022-11-14 22:37:48 +0300
Processing by PagesController#input as HTML
  Rendering layout layouts/application.html.erb
  Rendering pages/input.html.erb within layouts/application
  Rendered pages/input.html.erb within layouts/application (Duration: 2.3ms | Allocations: 1198)
  Rendered layout layouts/application.html.erb (Duration: 9.0ms | Allocations: 3791)
Completed 200 OK in 11ms (Views: 10.1ms | Allocations: 4044)


Started GET "/" for ::1 at 2022-11-14 22:38:01 +0300
Processing by PagesController#input as HTML
  Rendering layout layouts/application.html.erb
  Rendering pages/input.html.erb within layouts/application
  Rendered pages/input.html.erb within layouts/application (Duration: 3.9ms | Allocations: 1505)
  Rendered layout layouts/application.html.erb (Duration: 16.1ms | Allocations: 4622)
Completed 200 OK in 22ms (Views: 20.2ms | Allocations: 5435)


Started GET "/" for ::1 at 2022-11-14 22:38:16 +0300
Processing by PagesController#input as HTML
  Rendering layout layouts/application.html.erb
  Rendering pages/input.html.erb within layouts/application
  Rendered pages/input.html.erb within layouts/application (Duration: 1.3ms | Allocations: 1198)
  Rendered layout layouts/application.html.erb (Duration: 14.4ms | Allocations: 6382)
Completed 200 OK in 16ms (Views: 15.3ms | Allocations: 6653)


Started GET "/" for ::1 at 2022-11-14 22:38:23 +0300
Processing by PagesController#input as HTML
  Rendering layout layouts/application.html.erb
  Rendering pages/input.html.erb within layouts/application
  Rendered pages/input.html.erb within layouts/application (Duration: 1.6ms | Allocations: 1199)
  Rendered layout layouts/application.html.erb (Duration: 18.6ms | Allocations: 6314)
Completed 200 OK in 20ms (Views: 19.6ms | Allocations: 6569)


Started GET "/" for ::1 at 2022-11-14 22:38:38 +0300
Processing by PagesController#input as HTML
  Rendering layout layouts/application.html.erb
  Rendering pages/input.html.erb within layouts/application
  Rendered pages/input.html.erb within layouts/application (Duration: 1.7ms | Allocations: 1199)
  Rendered layout layouts/application.html.erb (Duration: 17.1ms | Allocations: 6298)
Completed 200 OK in 19ms (Views: 18.2ms | Allocations: 6551)


Started GET "/" for ::1 at 2022-11-14 22:38:45 +0300
Processing by PagesController#input as HTML
  Rendering layout layouts/application.html.erb
  Rendering pages/input.html.erb within layouts/application
  Rendered pages/input.html.erb within layouts/application (Duration: 1.9ms | Allocations: 1199)
  Rendered layout layouts/application.html.erb (Duration: 15.5ms | Allocations: 6296)
Completed 200 OK in 17ms (Views: 16.3ms | Allocations: 6550)


Started GET "/" for ::1 at 2022-11-14 22:38:50 +0300
Processing by PagesController#input as HTML
  Rendering layout layouts/application.html.erb
  Rendering pages/input.html.erb within layouts/application
  Rendered pages/input.html.erb within layouts/application (Duration: 2.2ms | Allocations: 1198)
  Rendered layout layouts/application.html.erb (Duration: 18.7ms | Allocations: 6311)
Completed 200 OK in 21ms (Views: 20.3ms | Allocations: 6564)


Started GET "/" for ::1 at 2022-11-14 22:38:57 +0300
Processing by PagesController#input as HTML
  Rendering layout layouts/application.html.erb
  Rendering pages/input.html.erb within layouts/application
  Rendered pages/input.html.erb within layouts/application (Duration: 2.1ms | Allocations: 1198)
  Rendered layout layouts/application.html.erb (Duration: 18.3ms | Allocations: 6295)
Completed 200 OK in 20ms (Views: 19.3ms | Allocations: 6548)


Started GET "/" for ::1 at 2022-11-14 22:39:28 +0300
Processing by PagesController#input as HTML
  Rendering layout layouts/application.html.erb
  Rendering pages/input.html.erb within layouts/application
  Rendered pages/input.html.erb within layouts/application (Duration: 1.6ms | Allocations: 1198)
  Rendered layout layouts/application.html.erb (Duration: 15.3ms | Allocations: 6295)
Completed 200 OK in 17ms (Views: 16.3ms | Allocations: 6548)


Started GET "/" for ::1 at 2022-11-14 22:39:39 +0300
Processing by PagesController#input as HTML
  Rendering layout layouts/application.html.erb
  Rendering pages/input.html.erb within layouts/application
  Rendered pages/input.html.erb within layouts/application (Duration: 1.7ms | Allocations: 1198)
  Rendered layout layouts/application.html.erb (Duration: 16.3ms | Allocations: 6311)
Completed 200 OK in 18ms (Views: 17.8ms | Allocations: 6565)


Started GET "/" for ::1 at 2022-11-14 22:39:49 +0300
Processing by PagesController#input as HTML
  Rendering layout layouts/application.html.erb
  Rendering pages/input.html.erb within layouts/application
  Rendered pages/input.html.erb within layouts/application (Duration: 3.1ms | Allocations: 1199)
  Rendered layout layouts/application.html.erb (Duration: 20.9ms | Allocations: 6296)
Completed 200 OK in 23ms (Views: 22.2ms | Allocations: 6549)


Started GET "/" for ::1 at 2022-11-14 22:40:00 +0300
Processing by PagesController#input as HTML
  Rendering layout layouts/application.html.erb
  Rendering pages/input.html.erb within layouts/application
  Rendered pages/input.html.erb within layouts/application (Duration: 1.8ms | Allocations: 1198)
  Rendered layout layouts/application.html.erb (Duration: 15.9ms | Allocations: 6301)
Completed 200 OK in 18ms (Views: 17.4ms | Allocations: 6554)


Started GET "/result?input=2+34+5&commit=%D0%A2%D1%8B%D0%BA" for ::1 at 2022-11-14 22:40:23 +0300
Processing by PagesController#result as HTML
  Parameters: {"input"=>"2 34 5", "commit"=>"Тык"}
  Rendering layout layouts/application.html.erb
  Rendering pages/result.html.erb within layouts/application
  Rendered pages/result.html.erb within layouts/application (Duration: 1.6ms | Allocations: 189)
  Rendered layout layouts/application.html.erb (Duration: 9.3ms | Allocations: 2493)
Completed 200 OK in 13ms (Views: 10.4ms | Allocations: 3098)


Started GET "/input" for ::1 at 2022-11-14 22:40:26 +0300
Processing by PagesController#input as HTML
  Rendering layout layouts/application.html.erb
  Rendering pages/input.html.erb within layouts/application
  Rendered pages/input.html.erb within layouts/application (Duration: 1.9ms | Allocations: 1198)
  Rendered layout layouts/application.html.erb (Duration: 11.2ms | Allocations: 3782)
Completed 200 OK in 14ms (Views: 12.6ms | Allocations: 4037)


Started GET "/result?input=2&commit=%D0%A2%D1%8B%D0%BA" for ::1 at 2022-11-14 22:41:10 +0300
Processing by PagesController#result as HTML
  Parameters: {"input"=>"2", "commit"=>"Тык"}
  Rendering layout layouts/application.html.erb
  Rendering pages/result.html.erb within layouts/application
  Rendered pages/result.html.erb within layouts/application (Duration: 2.1ms | Allocations: 251)
  Rendered layout layouts/application.html.erb (Duration: 14.1ms | Allocations: 3032)
Completed 200 OK in 20ms (Views: 17.5ms | Allocations: 4133)


Started GET "/input" for ::1 at 2022-11-14 22:41:12 +0300
Processing by PagesController#input as HTML
  Rendering layout layouts/application.html.erb
  Rendering pages/input.html.erb within layouts/application
  Rendered pages/input.html.erb within layouts/application (Duration: 3.8ms | Allocations: 1449)
  Rendered layout layouts/application.html.erb (Duration: 10.7ms | Allocations: 4102)
Completed 200 OK in 13ms (Views: 12.0ms | Allocations: 4430)


Started GET "/result?input=w&commit=%D0%A2%D1%8B%D0%BA" for ::1 at 2022-11-14 22:41:14 +0300
Processing by PagesController#result as HTML
  Parameters: {"input"=>"w", "commit"=>"Тык"}
Redirected to http://localhost:3000/
Filter chain halted as :validate_all rendered or redirected
Completed 302 Found in 2ms (Allocations: 477)


Started GET "/" for ::1 at 2022-11-14 22:41:14 +0300
Processing by PagesController#input as HTML
  Rendering layout layouts/application.html.erb
  Rendering pages/input.html.erb within layouts/application
  Rendered pages/input.html.erb within layouts/application (Duration: 1.6ms | Allocations: 1199)
  Rendered layout layouts/application.html.erb (Duration: 7.1ms | Allocations: 3831)
Completed 200 OK in 9ms (Views: 7.9ms | Allocations: 4086)


Started GET "/" for ::1 at 2022-11-14 22:41:34 +0300
Processing by PagesController#input as HTML
  Rendering layout layouts/application.html.erb
  Rendering pages/input.html.erb within layouts/application
  Rendered pages/input.html.erb within layouts/application (Duration: 2.0ms | Allocations: 1198)
  Rendered layout layouts/application.html.erb (Duration: 26.4ms | Allocations: 6398)
Completed 200 OK in 29ms (Views: 28.3ms | Allocations: 6651)


Started GET "/result?input=1&commit=%D0%A2%D1%8B%D0%BA" for ::1 at 2022-11-14 22:41:37 +0300
Processing by PagesController#result as HTML
  Parameters: {"input"=>"1", "commit"=>"Тык"}
  Rendering layout layouts/application.html.erb
  Rendering pages/result.html.erb within layouts/application
  Rendered pages/result.html.erb within layouts/application (Duration: 0.4ms | Allocations: 46)
  Rendered layout layouts/application.html.erb (Duration: 5.8ms | Allocations: 2351)
Completed 200 OK in 8ms (Views: 6.7ms | Allocations: 2898)


Started GET "/input" for ::1 at 2022-11-14 22:41:39 +0300
Processing by PagesController#input as HTML
  Rendering layout layouts/application.html.erb
  Rendering pages/input.html.erb within layouts/application
  Rendered pages/input.html.erb within layouts/application (Duration: 2.2ms | Allocations: 1199)
  Rendered layout layouts/application.html.erb (Duration: 10.5ms | Allocations: 3788)
Completed 200 OK in 13ms (Views: 11.7ms | Allocations: 4043)


Started GET "/result?input=w&commit=%D0%A2%D1%8B%D0%BA" for ::1 at 2022-11-14 22:41:41 +0300
Processing by PagesController#result as HTML
  Parameters: {"input"=>"w", "commit"=>"Тык"}
Redirected to http://localhost:3000/
Filter chain halted as :validate_all rendered or redirected
Completed 302 Found in 2ms (Allocations: 467)


Started GET "/" for ::1 at 2022-11-14 22:41:41 +0300
Processing by PagesController#input as HTML
  Rendering layout layouts/application.html.erb
  Rendering pages/input.html.erb within layouts/application
  Rendered pages/input.html.erb within layouts/application (Duration: 1.0ms | Allocations: 1198)
  Rendered layout layouts/application.html.erb (Duration: 7.8ms | Allocations: 3830)
Completed 200 OK in 9ms (Views: 8.6ms | Allocations: 4086)


Started GET "/" for ::1 at 2022-11-14 22:43:29 +0300
Processing by PagesController#input as HTML
  Rendering layout layouts/application.html.erb
  Rendering pages/input.html.erb within layouts/application
  Rendered pages/input.html.erb within layouts/application (Duration: 1.4ms | Allocations: 1504)
  Rendered layout layouts/application.html.erb (Duration: 7.6ms | Allocations: 4618)
Completed 200 OK in 10ms (Views: 9.2ms | Allocations: 5431)


Started GET "/result?input=&commit=%D0%A2%D1%8B%D0%BA" for ::1 at 2022-11-14 22:43:31 +0300
Processing by PagesController#result as HTML
  Parameters: {"input"=>"", "commit"=>"Тык"}
Redirected to http://localhost:3000/
Filter chain halted as :validate_all rendered or redirected
Completed 302 Found in 1ms (Allocations: 487)


Started GET "/" for ::1 at 2022-11-14 22:43:31 +0300
Processing by PagesController#input as HTML
  Rendering layout layouts/application.html.erb
  Rendering pages/input.html.erb within layouts/application
  Rendered pages/input.html.erb within layouts/application (Duration: 1.0ms | Allocations: 1198)
  Rendered layout layouts/application.html.erb (Duration: 6.7ms | Allocations: 3847)
Completed 200 OK in 8ms (Views: 7.5ms | Allocations: 4116)


Started GET "/result?input=1&commit=%D0%A2%D1%8B%D0%BA" for ::1 at 2022-11-14 22:43:34 +0300
Processing by PagesController#result as HTML
  Parameters: {"input"=>"1", "commit"=>"Тык"}
  Rendering layout layouts/application.html.erb
  Rendering pages/result.html.erb within layouts/application
  Rendered pages/result.html.erb within layouts/application (Duration: 3.4ms | Allocations: 196)
  Rendered layout layouts/application.html.erb (Duration: 6.8ms | Allocations: 2500)
Completed 200 OK in 9ms (Views: 7.4ms | Allocations: 3118)


Started GET "/result?input=1&commit=%D0%A2%D1%8B%D0%BA" for ::1 at 2022-11-14 22:43:52 +0300
Processing by PagesController#result as HTML
  Parameters: {"input"=>"1", "commit"=>"Тык"}
  Rendering layout layouts/application.html.erb
  Rendering pages/result.html.erb within layouts/application
  Rendered pages/result.html.erb within layouts/application (Duration: 2.7ms | Allocations: 260)
  Rendered layout layouts/application.html.erb (Duration: 7.4ms | Allocations: 3036)
Completed 200 OK in 11ms (Views: 9.6ms | Allocations: 4143)


Started GET "/result?input=1&commit=%D0%A2%D1%8B%D0%BA" for ::1 at 2022-11-14 22:46:37 +0300
Processing by PagesController#result as HTML
  Parameters: {"input"=>"1", "commit"=>"Тык"}
  Rendering layout layouts/application.html.erb
  Rendering pages/result.html.erb within layouts/application
  Rendered pages/result.html.erb within layouts/application (Duration: 0.8ms | Allocations: 259)
  Rendered layout layouts/application.html.erb (Duration: 12.2ms | Allocations: 5419)
Completed 200 OK in 16ms (Views: 14.1ms | Allocations: 6584)


Started GET "/input" for ::1 at 2022-11-14 22:46:38 +0300
Processing by PagesController#input as HTML
  Rendering layout layouts/application.html.erb
  Rendering pages/input.html.erb within layouts/application
  Rendered pages/input.html.erb within layouts/application (Duration: 5.3ms | Allocations: 1446)
  Rendered layout layouts/application.html.erb (Duration: 13.6ms | Allocations: 4077)
Completed 200 OK in 16ms (Views: 14.7ms | Allocations: 4403)


Started GET "/result?input=&commit=%D0%A2%D1%8B%D0%BA" for ::1 at 2022-11-14 22:46:40 +0300
Processing by PagesController#result as HTML
  Parameters: {"input"=>"", "commit"=>"Тык"}
Redirected to http://localhost:3000/
Filter chain halted as :validate_all rendered or redirected
Completed 302 Found in 2ms (Allocations: 468)


Started GET "/" for ::1 at 2022-11-14 22:46:40 +0300
Processing by PagesController#input as HTML
  Rendering layout layouts/application.html.erb
  Rendering pages/input.html.erb within layouts/application
  Rendered pages/input.html.erb within layouts/application (Duration: 1.4ms | Allocations: 1198)
  Rendered layout layouts/application.html.erb (Duration: 4.8ms | Allocations: 3809)
Completed 200 OK in 6ms (Views: 5.4ms | Allocations: 4064)


Started GET "/" for ::1 at 2022-11-14 22:46:55 +0300
Processing by PagesController#input as HTML
  Rendering layout layouts/application.html.erb
  Rendering pages/input.html.erb within layouts/application
  Rendered pages/input.html.erb within layouts/application (Duration: 3.2ms | Allocations: 1505)
  Rendered layout layouts/application.html.erb (Duration: 14.2ms | Allocations: 4628)
Completed 200 OK in 17ms (Views: 16.2ms | Allocations: 5442)


Started GET "/result?input=&commit=%D0%A2%D1%8B%D0%BA" for ::1 at 2022-11-14 22:46:56 +0300
Processing by PagesController#result as HTML
  Parameters: {"input"=>"", "commit"=>"Тык"}
Redirected to http://localhost:3000/
Filter chain halted as :validate_all rendered or redirected
Completed 302 Found in 1ms (Allocations: 484)


Started GET "/" for ::1 at 2022-11-14 22:46:56 +0300
Processing by PagesController#input as HTML
  Rendering layout layouts/application.html.erb
  Rendering pages/input.html.erb within layouts/application
  Rendered pages/input.html.erb within layouts/application (Duration: 0.9ms | Allocations: 1199)
  Rendered layout layouts/application.html.erb (Duration: 5.6ms | Allocations: 3833)
Completed 200 OK in 7ms (Views: 6.5ms | Allocations: 4104)


Started GET "/result?input=2&commit=%D0%A2%D1%8B%D0%BA" for ::1 at 2022-11-14 22:46:59 +0300
Processing by PagesController#result as HTML
  Parameters: {"input"=>"2", "commit"=>"Тык"}
  Rendering layout layouts/application.html.erb
  Rendering pages/result.html.erb within layouts/application
  Rendered pages/result.html.erb within layouts/application (Duration: 1.2ms | Allocations: 199)
  Rendered layout layouts/application.html.erb (Duration: 8.2ms | Allocations: 2499)
Completed 200 OK in 12ms (Views: 9.3ms | Allocations: 3113)


Started GET "/input" for ::1 at 2022-11-14 22:47:08 +0300
Processing by PagesController#input as HTML
  Rendering layout layouts/application.html.erb
  Rendering pages/input.html.erb within layouts/application
  Rendered pages/input.html.erb within layouts/application (Duration: 1.9ms | Allocations: 1199)
  Rendered layout layouts/application.html.erb (Duration: 10.5ms | Allocations: 3787)
Completed 200 OK in 13ms (Views: 12.1ms | Allocations: 4042)


Started GET "/result?input=3+45+-344&commit=%D0%A2%D1%8B%D0%BA" for ::1 at 2022-11-14 22:47:28 +0300
Processing by PagesController#result as HTML
  Parameters: {"input"=>"3 45 -344", "commit"=>"Тык"}
  Rendering layout layouts/application.html.erb
  Rendering pages/result.html.erb within layouts/application
  Rendered pages/result.html.erb within layouts/application (Duration: 0.3ms | Allocations: 47)
  Rendered layout layouts/application.html.erb (Duration: 11.1ms | Allocations: 4784)
Completed 200 OK in 14ms (Views: 12.5ms | Allocations: 5342)


Started GET "/result?input=3+45+-344&commit=%D0%A2%D1%8B%D0%BA" for ::1 at 2022-11-14 22:47:28 +0300
Processing by PagesController#result as HTML
  Parameters: {"input"=>"3 45 -344", "commit"=>"Тык"}
  Rendering layout layouts/application.html.erb
  Rendering pages/result.html.erb within layouts/application
  Rendered pages/result.html.erb within layouts/application (Duration: 0.3ms | Allocations: 47)
  Rendered layout layouts/application.html.erb (Duration: 5.1ms | Allocations: 2350)
Completed 200 OK in 8ms (Views: 6.1ms | Allocations: 2906)


Started GET "/result?input=3+45+-344&commit=%D0%A2%D1%8B%D0%BA" for ::1 at 2022-11-14 22:49:53 +0300
Processing by PagesController#result as HTML
  Parameters: {"input"=>"3 45 -344", "commit"=>"Тык"}
  Rendering layout layouts/application.html.erb
  Rendering pages/result.html.erb within layouts/application
  Rendered pages/result.html.erb within layouts/application (Duration: 3.2ms | Allocations: 562)
  Rendered layout layouts/application.html.erb (Duration: 189.8ms | Allocations: 46630)
Completed 200 OK in 202ms (Views: 192.9ms | ActiveRecord: 0.0ms | Allocations: 50583)


Started GET "/result?input=3+45+-344&commit=%D0%A2%D1%8B%D0%BA" for ::1 at 2022-11-14 22:50:10 +0300
Processing by PagesController#result as HTML
  Parameters: {"input"=>"3 45 -344", "commit"=>"Тык"}
  Rendering layout layouts/application.html.erb
  Rendering pages/result.html.erb within layouts/application
  Rendered pages/result.html.erb within layouts/application (Duration: 0.8ms | Allocations: 78)
  Rendered layout layouts/application.html.erb (Duration: 29.0ms | Allocations: 5522)
Completed 200 OK in 33ms (Views: 30.2ms | ActiveRecord: 0.0ms | Allocations: 6195)


Started GET "/result?input=3+45+-344&commit=%D0%A2%D1%8B%D0%BA" for ::1 at 2022-11-14 22:50:11 +0300
Processing by PagesController#result as HTML
  Parameters: {"input"=>"3 45 -344", "commit"=>"Тык"}
  Rendering layout layouts/application.html.erb
  Rendering pages/result.html.erb within layouts/application
  Rendered pages/result.html.erb within layouts/application (Duration: 0.3ms | Allocations: 47)
  Rendered layout layouts/application.html.erb (Duration: 4.6ms | Allocations: 2407)
Completed 200 OK in 7ms (Views: 5.5ms | ActiveRecord: 0.0ms | Allocations: 2952)


Started GET "/result?input=3+45+-344&commit=%D0%A2%D1%8B%D0%BA" for ::1 at 2022-11-14 22:50:33 +0300
Processing by PagesController#result as HTML
  Parameters: {"input"=>"3 45 -344", "commit"=>"Тык"}
  Rendering layout layouts/application.html.erb
  Rendering pages/result.html.erb within layouts/application
  Rendered pages/result.html.erb within layouts/application (Duration: 0.3ms | Allocations: 47)
  Rendered layout layouts/application.html.erb (Duration: 29.4ms | Allocations: 5377)
Completed 200 OK in 33ms (Views: 30.6ms | ActiveRecord: 0.0ms | Allocations: 5924)


Started GET "/result?input=3+45+-344&commit=%D0%A2%D1%8B%D0%BA" for ::1 at 2022-11-14 22:50:42 +0300
Processing by PagesController#result as HTML
  Parameters: {"input"=>"3 45 -344", "commit"=>"Тык"}
  Rendering layout layouts/application.html.erb
  Rendering pages/result.html.erb within layouts/application
  Rendered pages/result.html.erb within layouts/application (Duration: 0.7ms | Allocations: 47)
  Rendered layout layouts/application.html.erb (Duration: 13.2ms | Allocations: 5391)
Completed 200 OK in 15ms (Views: 13.8ms | ActiveRecord: 0.0ms | Allocations: 5953)


Started GET "/result?input=3+45+-344&commit=%D0%A2%D1%8B%D0%BA" for ::1 at 2022-11-14 22:50:53 +0300
Processing by PagesController#result as HTML
  Parameters: {"input"=>"3 45 -344", "commit"=>"Тык"}
  Rendering layout layouts/application.html.erb
  Rendering pages/result.html.erb within layouts/application
  Rendered pages/result.html.erb within layouts/application (Duration: 0.3ms | Allocations: 47)
  Rendered layout layouts/application.html.erb (Duration: 15.8ms | Allocations: 5393)
Completed 200 OK in 19ms (Views: 17.1ms | ActiveRecord: 0.0ms | Allocations: 5949)


Started GET "/result?input=3+45+-344&commit=%D0%A2%D1%8B%D0%BA" for ::1 at 2022-11-14 22:51:03 +0300
Processing by PagesController#result as HTML
  Parameters: {"input"=>"3 45 -344", "commit"=>"Тык"}
  Rendering layout layouts/application.html.erb
  Rendering pages/result.html.erb within layouts/application
  Rendered pages/result.html.erb within layouts/application (Duration: 0.4ms | Allocations: 47)
  Rendered layout layouts/application.html.erb (Duration: 12.2ms | Allocations: 5391)
Completed 200 OK in 14ms (Views: 13.2ms | ActiveRecord: 0.0ms | Allocations: 5951)


Started GET "/input" for ::1 at 2022-11-14 22:51:07 +0300
Processing by PagesController#input as HTML
  Rendering layout layouts/application.html.erb
  Rendering pages/input.html.erb within layouts/application
  Rendered pages/input.html.erb within layouts/application (Duration: 22.9ms | Allocations: 7042)
  Rendered layout layouts/application.html.erb (Duration: 32.0ms | Allocations: 9870)
Completed 200 OK in 34ms (Views: 33.0ms | ActiveRecord: 0.0ms | Allocations: 10238)


Started GET "/result?input=&commit=%D0%A2%D1%8B%D0%BA" for ::1 at 2022-11-14 22:51:09 +0300
Processing by PagesController#result as HTML
  Parameters: {"input"=>"", "commit"=>"Тык"}
Redirected to http://localhost:3000/
Filter chain halted as :validate_all rendered or redirected
Completed 302 Found in 1ms (ActiveRecord: 0.0ms | Allocations: 554)


Started GET "/" for ::1 at 2022-11-14 22:51:09 +0300
Processing by PagesController#input as HTML
  Rendering layout layouts/application.html.erb
  Rendering pages/input.html.erb within layouts/application
  Rendered pages/input.html.erb within layouts/application (Duration: 2.0ms | Allocations: 1206)
  Rendered layout layouts/application.html.erb (Duration: 7.4ms | Allocations: 3906)
Completed 200 OK in 9ms (Views: 8.4ms | ActiveRecord: 0.0ms | Allocations: 4198)


Started GET "/result?input=5+6+7+-0.4+36.4654&commit=%D0%A2%D1%8B%D0%BA" for ::1 at 2022-11-14 22:54:03 +0300
Processing by PagesController#result as HTML
  Parameters: {"input"=>"5 6 7 -0.4 36.4654", "commit"=>"Тык"}
  Rendering layout layouts/application.html.erb
  Rendering pages/result.html.erb within layouts/application
  Rendered pages/result.html.erb within layouts/application (Duration: 0.4ms | Allocations: 48)
  Rendered layout layouts/application.html.erb (Duration: 8.4ms | Allocations: 2407)
Completed 200 OK in 12ms (Views: 9.8ms | ActiveRecord: 0.0ms | Allocations: 2965)


Started GET "/input" for ::1 at 2022-11-14 22:54:07 +0300
Processing by PagesController#input as HTML
  Rendering layout layouts/application.html.erb
  Rendering pages/input.html.erb within layouts/application
  Rendered pages/input.html.erb within layouts/application (Duration: 1.5ms | Allocations: 1199)
  Rendered layout layouts/application.html.erb (Duration: 7.5ms | Allocations: 3847)
Completed 200 OK in 9ms (Views: 8.3ms | ActiveRecord: 0.0ms | Allocations: 4105)


Started GET "/result?input=--4&commit=%D0%A2%D1%8B%D0%BA" for ::1 at 2022-11-14 22:54:56 +0300
Processing by PagesController#result as HTML
  Parameters: {"input"=>"--4", "commit"=>"Тык"}
Redirected to http://localhost:3000/
Filter chain halted as :validate_all rendered or redirected
Completed 302 Found in 2ms (ActiveRecord: 0.0ms | Allocations: 459)


Started GET "/" for ::1 at 2022-11-14 22:54:56 +0300
Processing by PagesController#input as HTML
  Rendering layout layouts/application.html.erb
  Rendering pages/input.html.erb within layouts/application
  Rendered pages/input.html.erb within layouts/application (Duration: 1.6ms | Allocations: 1198)
  Rendered layout layouts/application.html.erb (Duration: 9.6ms | Allocations: 3882)
Completed 200 OK in 12ms (Views: 10.8ms | ActiveRecord: 0.0ms | Allocations: 4140)


